<?xml version="1.0" encoding="UTF-8"?>
<testng-results ignored="0" total="2" passed="2" failed="0" skipped="0">
  <reporter-output>
  </reporter-output>
  <suite started-at="2026-02-28T15:06:39 IST" name="Suite" finished-at="2026-02-28T15:06:59 IST" duration-ms="20037">
    <groups>
      <group name="Master">
        <method signature="LoginPageTest.verifyLogin()[pri:0, instance:com.opencart.tests.LoginPageTest@7f010382]" name="verifyLogin" class="com.opencart.tests.LoginPageTest"/>
        <method signature="RegistrationPageTest.verifyAccountRegistration()[pri:0, instance:com.opencart.tests.RegistrationPageTest@29176cc1]" name="verifyAccountRegistration" class="com.opencart.tests.RegistrationPageTest"/>
      </group> <!-- Master -->
      <group name="Sanity">
        <method signature="LoginPageTest.verifyLogin()[pri:0, instance:com.opencart.tests.LoginPageTest@7f010382]" name="verifyLogin" class="com.opencart.tests.LoginPageTest"/>
        <method signature="RegistrationPageTest.verifyAccountRegistration()[pri:0, instance:com.opencart.tests.RegistrationPageTest@29176cc1]" name="verifyAccountRegistration" class="com.opencart.tests.RegistrationPageTest"/>
      </group> <!-- Sanity -->
      <group name="Regression">
        <method signature="LoginPageTest.verifyLogin()[pri:0, instance:com.opencart.tests.LoginPageTest@7f010382]" name="verifyLogin" class="com.opencart.tests.LoginPageTest"/>
        <method signature="RegistrationPageTest.verifyAccountRegistration()[pri:0, instance:com.opencart.tests.RegistrationPageTest@29176cc1]" name="verifyAccountRegistration" class="com.opencart.tests.RegistrationPageTest"/>
      </group> <!-- Regression -->
    </groups>
    <test started-at="2026-02-28T15:06:39 IST" name="Test" finished-at="2026-02-28T15:06:59 IST" duration-ms="20037">
      <class name="com.opencart.tests.LoginPageTest">
        <test-method is-config="true" signature="setUp(java.lang.String,java.lang.String)[pri:0, instance:com.opencart.tests.LoginPageTest@7f010382]" started-at="2026-02-28T15:06:52 IST" name="setUp" finished-at="2026-02-28T15:06:56 IST" duration-ms="3717" status="PASS">
          <params>
            <param index="0">
              <value>
                <![CDATA[windows]]>
              </value>
            </param>
            <param index="1">
              <value>
                <![CDATA[chrome]]>
              </value>
            </param>
          </params>
          <reporter-output>
          </reporter-output>
        </test-method> <!-- setUp -->
        <test-method signature="verifyLogin()[pri:0, instance:com.opencart.tests.LoginPageTest@7f010382]" started-at="2026-02-28T15:06:56 IST" name="verifyLogin" finished-at="2026-02-28T15:06:58 IST" duration-ms="2561" status="PASS">
          <reporter-output>
          </reporter-output>
        </test-method> <!-- verifyLogin -->
        <test-method is-config="true" signature="tearDown()[pri:0, instance:com.opencart.tests.LoginPageTest@7f010382]" started-at="2026-02-28T15:06:58 IST" name="tearDown" finished-at="2026-02-28T15:06:59 IST" duration-ms="286" status="PASS">
          <reporter-output>
          </reporter-output>
        </test-method> <!-- tearDown -->
      </class> <!-- com.opencart.tests.LoginPageTest -->
      <class name="com.opencart.tests.RegistrationPageTest">
        <test-method is-config="true" signature="setUp(java.lang.String,java.lang.String)[pri:0, instance:com.opencart.tests.RegistrationPageTest@29176cc1]" started-at="2026-02-28T15:06:39 IST" name="setUp" finished-at="2026-02-28T15:06:47 IST" duration-ms="7756" status="PASS">
          <params>
            <param index="0">
              <value>
                <![CDATA[windows]]>
              </value>
            </param>
            <param index="1">
              <value>
                <![CDATA[chrome]]>
              </value>
            </param>
          </params>
          <reporter-output>
          </reporter-output>
        </test-method> <!-- setUp -->
        <test-method signature="verifyAccountRegistration()[pri:0, instance:com.opencart.tests.RegistrationPageTest@29176cc1]" started-at="2026-02-28T15:06:47 IST" name="verifyAccountRegistration" finished-at="2026-02-28T15:06:52 IST" duration-ms="4980" status="PASS">
          <reporter-output>
          </reporter-output>
        </test-method> <!-- verifyAccountRegistration -->
        <test-method is-config="true" signature="tearDown()[pri:0, instance:com.opencart.tests.RegistrationPageTest@29176cc1]" started-at="2026-02-28T15:06:52 IST" name="tearDown" finished-at="2026-02-28T15:06:52 IST" duration-ms="362" status="PASS">
          <reporter-output>
          </reporter-output>
        </test-method> <!-- tearDown -->
      </class> <!-- com.opencart.tests.RegistrationPageTest -->
    </test> <!-- Test -->
  </suite> <!-- Suite -->
</testng-results>
