<?xml version="1.0" encoding="UTF-8"?>
<testng-results ignored="0" total="1" passed="1" failed="0" skipped="0">
  <reporter-output>
  </reporter-output>
  <suite started-at="2026-02-25T20:30:02 IST" name="Suite" finished-at="2026-02-25T20:30:20 IST" duration-ms="17104">
    <groups>
    </groups>
    <test started-at="2026-02-25T20:30:02 IST" name="Test" finished-at="2026-02-25T20:30:20 IST" duration-ms="17104">
      <class name="com.opencart.tests.RegistrationPageTest">
        <test-method is-config="true" signature="setUp(java.lang.String,java.lang.String)[pri:0, instance:com.opencart.tests.RegistrationPageTest@6989da5e]" started-at="2026-02-25T20:30:02 IST" name="setUp" finished-at="2026-02-25T20:30:11 IST" duration-ms="8606" status="PASS">
          <params>
            <param index="0">
              <value>
                <![CDATA[windows]]>
              </value>
            </param>
            <param index="1">
              <value>
                <![CDATA[chrome]]>
              </value>
            </param>
          </params>
          <reporter-output>
          </reporter-output>
        </test-method> <!-- setUp -->
        <test-method signature="verifyAccountRegistration()[pri:0, instance:com.opencart.tests.RegistrationPageTest@6989da5e]" started-at="2026-02-25T20:30:11 IST" name="verifyAccountRegistration" finished-at="2026-02-25T20:30:19 IST" duration-ms="8037" status="PASS">
          <reporter-output>
          </reporter-output>
        </test-method> <!-- verifyAccountRegistration -->
        <test-method is-config="true" signature="tearDown()[pri:0, instance:com.opencart.tests.RegistrationPageTest@6989da5e]" started-at="2026-02-25T20:30:19 IST" name="tearDown" finished-at="2026-02-25T20:30:20 IST" duration-ms="391" status="PASS">
          <reporter-output>
          </reporter-output>
        </test-method> <!-- tearDown -->
      </class> <!-- com.opencart.tests.RegistrationPageTest -->
    </test> <!-- Test -->
  </suite> <!-- Suite -->
</testng-results>
