<?xml version="1.0" encoding="UTF-8"?>
<!-- Generated by org.testng.reporters.JUnitReportReporter -->
<testsuite hostname="DESKTOP-AC5L521" failures="0" tests="2" name="com.opencart.tests.ForgotPasswordTest" time="16.451" errors="0" timestamp="2026-03-04T19:05:21 IST" skipped="0">
  <testcase classname="com.opencart.tests.ForgotPasswordTest" name="verifyisForogtPasswordLinkClickable" time="7.548"/>
  <testcase classname="com.opencart.tests.ForgotPasswordTest" name="VerifyconfirmationMsg" time="8.903"/>
</testsuite> <!-- com.opencart.tests.ForgotPasswordTest -->
